{"C:\\Users\\Administrator\\Downloads\\hire-master\\hire-master\\foundations-zh\\src\\index.ts": {"path":"C:\\Users\\Administrator\\Downloads\\hire-master\\hire-master\\foundations-zh\\src\\index.ts","statementMap":{"0":{"start":{"line":13,"column":20},"end":{"line":13,"column":31}},"1":{"start":{"line":14,"column":16},"end":{"line":14,"column":27}},"2":{"start":{"line":15,"column":16},"end":{"line":15,"column":34}},"3":{"start":{"line":16,"column":14},"end":{"line":16,"column":46}},"4":{"start":{"line":17,"column":14},"end":{"line":17,"column":21}},"5":{"start":{"line":18,"column":19},"end":{"line":18,"column":37}},"6":{"start":{"line":19,"column":23},"end":{"line":19,"column":25}},"7":{"start":{"line":20,"column":4},"end":{"line":33,"column":null}},"8":{"start":{"line":21,"column":8},"end":{"line":21,"column":null}},"9":{"start":{"line":21,"column":40},"end":{"line":21,"column":null}},"10":{"start":{"line":22,"column":19},"end":{"line":22,"column":29}},"11":{"start":{"line":23,"column":8},"end":{"line":31,"column":null}},"12":{"start":{"line":24,"column":12},"end":{"line":28,"column":null}},"13":{"start":{"line":30,"column":12},"end":{"line":30,"column":null}},"14":{"start":{"line":32,"column":8},"end":{"line":32,"column":null}},"15":{"start":{"line":34,"column":4},"end":{"line":34,"column":null}},"16":{"start":{"line":34,"column":25},"end":{"line":34,"column":null}},"17":{"start":{"line":35,"column":4},"end":{"line":35,"column":null}},"18":{"start":{"line":11,"column":0},"end":{"line":11,"column":16}}},"fnMap":{"0":{"name":"parseError","decl":{"start":{"line":11,"column":16},"end":{"line":11,"column":26}},"loc":{"start":{"line":11,"column":37},"end":{"line":36,"column":1}}}},"branchMap":{"0":{"loc":{"start":{"line":21,"column":8},"end":{"line":21,"column":null}},"type":"if","locations":[{"start":{"line":21,"column":8},"end":{"line":21,"column":null}},{"start":{"line":21,"column":8},"end":{"line":21,"column":null}}]},"1":{"loc":{"start":{"line":23,"column":8},"end":{"line":31,"column":null}},"type":"if","locations":[{"start":{"line":23,"column":8},"end":{"line":31,"column":null}},{"start":{"line":23,"column":8},"end":{"line":31,"column":null}}]},"2":{"loc":{"start":{"line":34,"column":4},"end":{"line":34,"column":null}},"type":"if","locations":[{"start":{"line":34,"column":4},"end":{"line":34,"column":null}},{"start":{"line":34,"column":4},"end":{"line":34,"column":null}}]}},"s":{"0":2,"1":2,"2":2,"3":2,"4":2,"5":2,"6":2,"7":2,"8":11,"9":1,"10":11,"11":11,"12":8,"13":8,"14":11,"15":2,"16":1,"17":2,"18":1},"f":{"0":2},"b":{"0":[1,10],"1":[8,3],"2":[1,1]}}
}
