{"C:\\Users\\Administrator\\Downloads\\hire-master\\hire-master\\foundations-zh\\src\\index.ts": {"path":"C:\\Users\\Administrator\\Downloads\\hire-master\\hire-master\\foundations-zh\\src\\index.ts","statementMap":{"0":{"start":{"line":7,"column":16},"end":{"line":13,"column":2}},"1":{"start":{"line":23,"column":17},"end":{"line":23,"column":28}},"2":{"start":{"line":24,"column":13},"end":{"line":24,"column":24}},"3":{"start":{"line":25,"column":15},"end":{"line":25,"column":33}},"4":{"start":{"line":26,"column":11},"end":{"line":26,"column":43}},"5":{"start":{"line":27,"column":13},"end":{"line":27,"column":20}},"6":{"start":{"line":28,"column":16},"end":{"line":28,"column":34}},"7":{"start":{"line":29,"column":24},"end":{"line":29,"column":26}},"8":{"start":{"line":30,"column":3},"end":{"line":42,"column":null}},"9":{"start":{"line":31,"column":5},"end":{"line":31,"column":null}},"10":{"start":{"line":31,"column":36},"end":{"line":31,"column":null}},"11":{"start":{"line":32,"column":14},"end":{"line":32,"column":24}},"12":{"start":{"line":33,"column":5},"end":{"line":40,"column":null}},"13":{"start":{"line":34,"column":8},"end":{"line":38,"column":null}},"14":{"start":{"line":39,"column":7},"end":{"line":39,"column":null}},"15":{"start":{"line":41,"column":5},"end":{"line":41,"column":null}},"16":{"start":{"line":43,"column":3},"end":{"line":43,"column":null}},"17":{"start":{"line":43,"column":23},"end":{"line":43,"column":null}},"18":{"start":{"line":44,"column":3},"end":{"line":44,"column":null}},"19":{"start":{"line":21,"column":0},"end":{"line":21,"column":16}},"20":{"start":{"line":47,"column":0},"end":{"line":47,"column":null}}},"fnMap":{"0":{"name":"parseError","decl":{"start":{"line":21,"column":16},"end":{"line":21,"column":26}},"loc":{"start":{"line":21,"column":37},"end":{"line":45,"column":1}}}},"branchMap":{"0":{"loc":{"start":{"line":31,"column":5},"end":{"line":31,"column":null}},"type":"if","locations":[{"start":{"line":31,"column":5},"end":{"line":31,"column":null}},{"start":{"line":31,"column":5},"end":{"line":31,"column":null}}]},"1":{"loc":{"start":{"line":33,"column":5},"end":{"line":40,"column":null}},"type":"if","locations":[{"start":{"line":33,"column":5},"end":{"line":40,"column":null}},{"start":{"line":33,"column":5},"end":{"line":40,"column":null}}]},"2":{"loc":{"start":{"line":43,"column":3},"end":{"line":43,"column":null}},"type":"if","locations":[{"start":{"line":43,"column":3},"end":{"line":43,"column":null}},{"start":{"line":43,"column":3},"end":{"line":43,"column":null}}]}},"s":{"0":1,"1":3,"2":3,"3":3,"4":3,"5":3,"6":3,"7":3,"8":3,"9":17,"10":2,"11":17,"12":17,"13":12,"14":12,"15":17,"16":3,"17":1,"18":3,"19":1,"20":1},"f":{"0":3},"b":{"0":[2,15],"1":[12,5],"2":[1,2]}}
}
